2020-03-27 20:27:00.492  INFO 26116 --- [restartedMain] life.tr.community.CommunityApplication   : Starting CommunityApplication on DESKTOP-4LJ0JBA with PID 26116 (D:\BSxiangmu7\community\target\classes started by 89682 in D:\BSxiangmu7\community)
2020-03-27 20:27:00.502  INFO 26116 --- [restartedMain] life.tr.community.CommunityApplication   : No active profile set, falling back to default profiles: default
2020-03-27 20:27:00.681  INFO 26116 --- [restartedMain] .e.DevToolsPropertyDefaultsPostProcessor : Devtools property defaults active! Set 'spring.devtools.add-properties' to 'false' to disable
2020-03-27 20:27:00.681  INFO 26116 --- [restartedMain] .e.DevToolsPropertyDefaultsPostProcessor : For additional web related logging consider setting the 'logging.level.web' property to 'DEBUG'
2020-03-27 20:27:02.197  INFO 26116 --- [restartedMain] o.s.b.w.embedded.tomcat.TomcatWebServer  : Tomcat initialized with port(s): 8887 (http)
2020-03-27 20:27:02.208  INFO 26116 --- [restartedMain] o.apache.catalina.core.StandardService   : Starting service [Tomcat]
2020-03-27 20:27:02.209  INFO 26116 --- [restartedMain] org.apache.catalina.core.StandardEngine  : Starting Servlet engine: [Apache Tomcat/9.0.30]
2020-03-27 20:27:02.340  INFO 26116 --- [restartedMain] o.a.c.c.C.[Tomcat].[localhost].[/]       : Initializing Spring embedded WebApplicationContext
2020-03-27 20:27:02.341  INFO 26116 --- [restartedMain] o.s.web.context.ContextLoader            : Root WebApplicationContext: initialization completed in 1656 ms
2020-03-27 20:27:02.414  INFO 26116 --- [restartedMain] com.zaxxer.hikari.HikariDataSource       : HikariPool-1 - Starting...
2020-03-27 20:27:02.618  INFO 26116 --- [restartedMain] com.zaxxer.hikari.HikariDataSource       : HikariPool-1 - Start completed.
2020-03-27 20:27:02.626  INFO 26116 --- [restartedMain] o.s.b.a.h2.H2ConsoleAutoConfiguration    : H2 console available at '/h2-console'. Database available at 'jdbc:h2:~/community'
2020-03-27 20:27:03.610  INFO 26116 --- [restartedMain] o.s.s.concurrent.ThreadPoolTaskExecutor  : Initializing ExecutorService 'applicationTaskExecutor'
2020-03-27 20:27:03.664  INFO 26116 --- [restartedMain] o.s.b.a.w.s.WelcomePageHandlerMapping    : Adding welcome page template: index
2020-03-27 20:27:03.818  INFO 26116 --- [restartedMain] o.s.s.c.ThreadPoolTaskScheduler          : Initializing ExecutorService 'taskScheduler'
2020-03-27 20:27:04.078  INFO 26116 --- [restartedMain] o.s.b.d.a.OptionalLiveReloadServer       : LiveReload server is running on port 35729
2020-03-27 20:27:04.104  INFO 26116 --- [scheduling-1] life.tr.community.schedule.HotTagTasks   : hotTagSchedule start Fri Mar 27 20:27:04 CST 2020
2020-03-27 20:27:04.135  INFO 26116 --- [restartedMain] o.s.b.w.embedded.tomcat.TomcatWebServer  : Tomcat started on port(s): 8887 (http) with context path ''
2020-03-27 20:27:04.140  INFO 26116 --- [restartedMain] life.tr.community.CommunityApplication   : Started CommunityApplication in 4.306 seconds (JVM running for 6.868)
2020-03-27 20:27:04.178  INFO 26116 --- [scheduling-1] life.tr.community.schedule.HotTagTasks   : hotTagSchedule stop Fri Mar 27 20:27:04 CST 2020
2020-03-27 20:30:39.329  INFO 26116 --- [http-nio-8887-exec-1] o.a.c.c.C.[Tomcat].[localhost].[/]       : Initializing Spring DispatcherServlet 'dispatcherServlet'
2020-03-27 20:30:39.329  INFO 26116 --- [http-nio-8887-exec-1] o.s.web.servlet.DispatcherServlet        : Initializing Servlet 'dispatcherServlet'
2020-03-27 20:30:39.337  INFO 26116 --- [http-nio-8887-exec-1] o.s.web.servlet.DispatcherServlet        : Completed initialization in 7 ms
2020-03-27 22:35:07.202  INFO 25552 --- [restartedMain] life.tr.community.CommunityApplication   : Starting CommunityApplication on DESKTOP-4LJ0JBA with PID 25552 (D:\BSxiangmu7\community\target\classes started by 89682 in D:\BSxiangmu7\community)
2020-03-27 22:35:07.204  INFO 25552 --- [restartedMain] life.tr.community.CommunityApplication   : No active profile set, falling back to default profiles: default
2020-03-27 22:35:07.302  INFO 25552 --- [restartedMain] .e.DevToolsPropertyDefaultsPostProcessor : Devtools property defaults active! Set 'spring.devtools.add-properties' to 'false' to disable
2020-03-27 22:35:07.303  INFO 25552 --- [restartedMain] .e.DevToolsPropertyDefaultsPostProcessor : For additional web related logging consider setting the 'logging.level.web' property to 'DEBUG'
2020-03-27 22:35:09.265  INFO 25552 --- [restartedMain] o.s.b.w.embedded.tomcat.TomcatWebServer  : Tomcat initialized with port(s): 8887 (http)
2020-03-27 22:35:09.283  INFO 25552 --- [restartedMain] o.apache.catalina.core.StandardService   : Starting service [Tomcat]
2020-03-27 22:35:09.283  INFO 25552 --- [restartedMain] org.apache.catalina.core.StandardEngine  : Starting Servlet engine: [Apache Tomcat/9.0.30]
2020-03-27 22:35:09.371  INFO 25552 --- [restartedMain] o.a.c.c.C.[Tomcat].[localhost].[/]       : Initializing Spring embedded WebApplicationContext
2020-03-27 22:35:09.372  INFO 25552 --- [restartedMain] o.s.web.context.ContextLoader            : Root WebApplicationContext: initialization completed in 2069 ms
2020-03-27 22:35:09.410  INFO 25552 --- [restartedMain] com.zaxxer.hikari.HikariDataSource       : HikariPool-1 - Starting...
2020-03-27 22:35:09.566  INFO 25552 --- [restartedMain] com.zaxxer.hikari.HikariDataSource       : HikariPool-1 - Start completed.
2020-03-27 22:35:09.574  INFO 25552 --- [restartedMain] o.s.b.a.h2.H2ConsoleAutoConfiguration    : H2 console available at '/h2-console'. Database available at 'jdbc:h2:~/community'
2020-03-27 22:35:10.411  INFO 25552 --- [restartedMain] o.s.s.concurrent.ThreadPoolTaskExecutor  : Initializing ExecutorService 'applicationTaskExecutor'
2020-03-27 22:35:10.454  INFO 25552 --- [restartedMain] o.s.b.a.w.s.WelcomePageHandlerMapping    : Adding welcome page template: index
2020-03-27 22:35:10.561  INFO 25552 --- [restartedMain] o.s.s.c.ThreadPoolTaskScheduler          : Initializing ExecutorService 'taskScheduler'
2020-03-27 22:35:10.629  INFO 25552 --- [restartedMain] o.s.b.d.a.OptionalLiveReloadServer       : LiveReload server is running on port 35729
2020-03-27 22:35:10.647  INFO 25552 --- [scheduling-1] life.tr.community.schedule.HotTagTasks   : hotTagSchedule start Fri Mar 27 22:35:10 CST 2020
2020-03-27 22:35:10.725  INFO 25552 --- [restartedMain] o.s.b.w.embedded.tomcat.TomcatWebServer  : Tomcat started on port(s): 8887 (http) with context path ''
2020-03-27 22:35:10.732  INFO 25552 --- [restartedMain] life.tr.community.CommunityApplication   : Started CommunityApplication in 4.24 seconds (JVM running for 5.908)
2020-03-27 22:35:10.785  INFO 25552 --- [scheduling-1] life.tr.community.schedule.HotTagTasks   : hotTagSchedule stop Fri Mar 27 22:35:10 CST 2020
2020-03-27 22:35:32.234  INFO 25868 --- [restartedMain] life.tr.community.CommunityApplication   : Starting CommunityApplication on DESKTOP-4LJ0JBA with PID 25868 (D:\BSxiangmu7\community\target\classes started by 89682 in D:\BSxiangmu7\community)
2020-03-27 22:35:32.238  INFO 25868 --- [restartedMain] life.tr.community.CommunityApplication   : No active profile set, falling back to default profiles: default
2020-03-27 22:35:32.334  INFO 25868 --- [restartedMain] .e.DevToolsPropertyDefaultsPostProcessor : Devtools property defaults active! Set 'spring.devtools.add-properties' to 'false' to disable
2020-03-27 22:35:32.334  INFO 25868 --- [restartedMain] .e.DevToolsPropertyDefaultsPostProcessor : For additional web related logging consider setting the 'logging.level.web' property to 'DEBUG'
2020-03-27 22:35:33.766  INFO 25868 --- [restartedMain] o.s.b.w.embedded.tomcat.TomcatWebServer  : Tomcat initialized with port(s): 8887 (http)
2020-03-27 22:35:33.774  INFO 25868 --- [restartedMain] o.apache.catalina.core.StandardService   : Starting service [Tomcat]
2020-03-27 22:35:33.774  INFO 25868 --- [restartedMain] org.apache.catalina.core.StandardEngine  : Starting Servlet engine: [Apache Tomcat/9.0.30]
2020-03-27 22:35:33.871  INFO 25868 --- [restartedMain] o.a.c.c.C.[Tomcat].[localhost].[/]       : Initializing Spring embedded WebApplicationContext
2020-03-27 22:35:33.871  INFO 25868 --- [restartedMain] o.s.web.context.ContextLoader            : Root WebApplicationContext: initialization completed in 1537 ms
2020-03-27 22:35:33.911  INFO 25868 --- [restartedMain] com.zaxxer.hikari.HikariDataSource       : HikariPool-1 - Starting...
2020-03-27 22:35:34.024  INFO 25868 --- [restartedMain] com.zaxxer.hikari.HikariDataSource       : HikariPool-1 - Start completed.
2020-03-27 22:35:34.032  INFO 25868 --- [restartedMain] o.s.b.a.h2.H2ConsoleAutoConfiguration    : H2 console available at '/h2-console'. Database available at 'jdbc:h2:~/community'
2020-03-27 22:35:34.769  INFO 25868 --- [restartedMain] o.s.s.concurrent.ThreadPoolTaskExecutor  : Initializing ExecutorService 'applicationTaskExecutor'
2020-03-27 22:35:34.839  INFO 25868 --- [restartedMain] o.s.b.a.w.s.WelcomePageHandlerMapping    : Adding welcome page template: index
2020-03-27 22:35:34.997  INFO 25868 --- [restartedMain] o.s.s.c.ThreadPoolTaskScheduler          : Initializing ExecutorService 'taskScheduler'
2020-03-27 22:35:35.076  INFO 25868 --- [restartedMain] o.s.b.d.a.OptionalLiveReloadServer       : LiveReload server is running on port 35729
2020-03-27 22:35:35.100  INFO 25868 --- [scheduling-1] life.tr.community.schedule.HotTagTasks   : hotTagSchedule start Fri Mar 27 22:35:35 CST 2020
2020-03-27 22:35:35.119  INFO 25868 --- [restartedMain] o.s.b.w.embedded.tomcat.TomcatWebServer  : Tomcat started on port(s): 8887 (http) with context path ''
2020-03-27 22:35:35.121  INFO 25868 --- [restartedMain] life.tr.community.CommunityApplication   : Started CommunityApplication in 3.348 seconds (JVM running for 4.623)
2020-03-27 22:35:35.145  INFO 25868 --- [scheduling-1] life.tr.community.schedule.HotTagTasks   : hotTagSchedule stop Fri Mar 27 22:35:35 CST 2020
2020-03-27 22:35:37.561  INFO 25868 --- [http-nio-8887-exec-1] o.a.c.c.C.[Tomcat].[localhost].[/]       : Initializing Spring DispatcherServlet 'dispatcherServlet'
2020-03-27 22:35:37.562  INFO 25868 --- [http-nio-8887-exec-1] o.s.web.servlet.DispatcherServlet        : Initializing Servlet 'dispatcherServlet'
2020-03-27 22:35:37.571  INFO 25868 --- [http-nio-8887-exec-1] o.s.web.servlet.DispatcherServlet        : Completed initialization in 9 ms
2020-03-27 22:39:18.527  INFO 19724 --- [restartedMain] life.tr.community.CommunityApplication   : Starting CommunityApplication on DESKTOP-4LJ0JBA with PID 19724 (D:\BSxiangmu7\community\target\classes started by 89682 in D:\BSxiangmu7\community)
2020-03-27 22:39:18.531  INFO 19724 --- [restartedMain] life.tr.community.CommunityApplication   : No active profile set, falling back to default profiles: default
2020-03-27 22:39:18.609  INFO 19724 --- [restartedMain] .e.DevToolsPropertyDefaultsPostProcessor : Devtools property defaults active! Set 'spring.devtools.add-properties' to 'false' to disable
2020-03-27 22:39:18.609  INFO 19724 --- [restartedMain] .e.DevToolsPropertyDefaultsPostProcessor : For additional web related logging consider setting the 'logging.level.web' property to 'DEBUG'
2020-03-27 22:39:20.168  INFO 19724 --- [restartedMain] o.s.b.w.embedded.tomcat.TomcatWebServer  : Tomcat initialized with port(s): 8887 (http)
2020-03-27 22:39:20.177  INFO 19724 --- [restartedMain] o.apache.catalina.core.StandardService   : Starting service [Tomcat]
2020-03-27 22:39:20.177  INFO 19724 --- [restartedMain] org.apache.catalina.core.StandardEngine  : Starting Servlet engine: [Apache Tomcat/9.0.30]
2020-03-27 22:39:20.268  INFO 19724 --- [restartedMain] o.a.c.c.C.[Tomcat].[localhost].[/]       : Initializing Spring embedded WebApplicationContext
2020-03-27 22:39:20.268  INFO 19724 --- [restartedMain] o.s.web.context.ContextLoader            : Root WebApplicationContext: initialization completed in 1659 ms
2020-03-27 22:39:20.312  INFO 19724 --- [restartedMain] com.zaxxer.hikari.HikariDataSource       : HikariPool-1 - Starting...
2020-03-27 22:39:20.428  INFO 19724 --- [restartedMain] com.zaxxer.hikari.HikariDataSource       : HikariPool-1 - Start completed.
2020-03-27 22:39:20.433  INFO 19724 --- [restartedMain] o.s.b.a.h2.H2ConsoleAutoConfiguration    : H2 console available at '/h2-console'. Database available at 'jdbc:h2:~/community'
2020-03-27 22:39:20.925  INFO 19724 --- [restartedMain] o.s.s.concurrent.ThreadPoolTaskExecutor  : Initializing ExecutorService 'applicationTaskExecutor'
2020-03-27 22:39:20.976  INFO 19724 --- [restartedMain] o.s.b.a.w.s.WelcomePageHandlerMapping    : Adding welcome page template: index
2020-03-27 22:39:21.089  INFO 19724 --- [restartedMain] o.s.s.c.ThreadPoolTaskScheduler          : Initializing ExecutorService 'taskScheduler'
2020-03-27 22:39:21.173  INFO 19724 --- [restartedMain] o.s.b.d.a.OptionalLiveReloadServer       : LiveReload server is running on port 35729
2020-03-27 22:39:21.205  INFO 19724 --- [scheduling-1] life.tr.community.schedule.HotTagTasks   : hotTagSchedule start Fri Mar 27 22:39:21 CST 2020
2020-03-27 22:39:21.229  INFO 19724 --- [restartedMain] o.s.b.w.embedded.tomcat.TomcatWebServer  : Tomcat started on port(s): 8887 (http) with context path ''
2020-03-27 22:39:21.232  INFO 19724 --- [restartedMain] life.tr.community.CommunityApplication   : Started CommunityApplication in 3.239 seconds (JVM running for 4.57)
2020-03-27 22:39:21.259  INFO 19724 --- [scheduling-1] life.tr.community.schedule.HotTagTasks   : hotTagSchedule stop Fri Mar 27 22:39:21 CST 2020
2020-03-27 22:39:28.013  INFO 19724 --- [http-nio-8887-exec-1] o.a.c.c.C.[Tomcat].[localhost].[/]       : Initializing Spring DispatcherServlet 'dispatcherServlet'
2020-03-27 22:39:28.014  INFO 19724 --- [http-nio-8887-exec-1] o.s.web.servlet.DispatcherServlet        : Initializing Servlet 'dispatcherServlet'
2020-03-27 22:39:28.023  INFO 19724 --- [http-nio-8887-exec-1] o.s.web.servlet.DispatcherServlet        : Completed initialization in 9 ms
2020-03-27 22:46:14.711  INFO 24856 --- [restartedMain] life.tr.community.CommunityApplication   : Starting CommunityApplication on DESKTOP-4LJ0JBA with PID 24856 (D:\BSxiangmu7\community\target\classes started by 89682 in D:\BSxiangmu7\community)
2020-03-27 22:46:14.718  INFO 24856 --- [restartedMain] life.tr.community.CommunityApplication   : No active profile set, falling back to default profiles: default
2020-03-27 22:46:14.807  INFO 24856 --- [restartedMain] .e.DevToolsPropertyDefaultsPostProcessor : Devtools property defaults active! Set 'spring.devtools.add-properties' to 'false' to disable
2020-03-27 22:46:14.808  INFO 24856 --- [restartedMain] .e.DevToolsPropertyDefaultsPostProcessor : For additional web related logging consider setting the 'logging.level.web' property to 'DEBUG'
2020-03-27 22:46:16.244  INFO 24856 --- [restartedMain] o.s.b.w.embedded.tomcat.TomcatWebServer  : Tomcat initialized with port(s): 8887 (http)
2020-03-27 22:46:16.258  INFO 24856 --- [restartedMain] o.apache.catalina.core.StandardService   : Starting service [Tomcat]
2020-03-27 22:46:16.259  INFO 24856 --- [restartedMain] org.apache.catalina.core.StandardEngine  : Starting Servlet engine: [Apache Tomcat/9.0.30]
2020-03-27 22:46:16.363  INFO 24856 --- [restartedMain] o.a.c.c.C.[Tomcat].[localhost].[/]       : Initializing Spring embedded WebApplicationContext
2020-03-27 22:46:16.363  INFO 24856 --- [restartedMain] o.s.web.context.ContextLoader            : Root WebApplicationContext: initialization completed in 1555 ms
2020-03-27 22:46:16.396  INFO 24856 --- [restartedMain] com.zaxxer.hikari.HikariDataSource       : HikariPool-1 - Starting...
2020-03-27 22:46:16.524  INFO 24856 --- [restartedMain] com.zaxxer.hikari.HikariDataSource       : HikariPool-1 - Start completed.
2020-03-27 22:46:16.531  INFO 24856 --- [restartedMain] o.s.b.a.h2.H2ConsoleAutoConfiguration    : H2 console available at '/h2-console'. Database available at 'jdbc:h2:~/community'
2020-03-27 22:46:17.016  INFO 24856 --- [restartedMain] o.s.s.concurrent.ThreadPoolTaskExecutor  : Initializing ExecutorService 'applicationTaskExecutor'
2020-03-27 22:46:17.077  INFO 24856 --- [restartedMain] o.s.b.a.w.s.WelcomePageHandlerMapping    : Adding welcome page template: index
2020-03-27 22:46:17.214  INFO 24856 --- [restartedMain] o.s.s.c.ThreadPoolTaskScheduler          : Initializing ExecutorService 'taskScheduler'
2020-03-27 22:46:17.352  INFO 24856 --- [restartedMain] o.s.b.d.a.OptionalLiveReloadServer       : LiveReload server is running on port 35729
2020-03-27 22:46:17.383  INFO 24856 --- [scheduling-1] life.tr.community.schedule.HotTagTasks   : hotTagSchedule start Fri Mar 27 22:46:17 CST 2020
2020-03-27 22:46:17.414  INFO 24856 --- [restartedMain] o.s.b.w.embedded.tomcat.TomcatWebServer  : Tomcat started on port(s): 8887 (http) with context path ''
2020-03-27 22:46:17.436  INFO 24856 --- [restartedMain] life.tr.community.CommunityApplication   : Started CommunityApplication in 3.391 seconds (JVM running for 4.69)
2020-03-27 22:46:17.466  INFO 24856 --- [scheduling-1] life.tr.community.schedule.HotTagTasks   : hotTagSchedule stop Fri Mar 27 22:46:17 CST 2020
2020-03-27 22:46:25.427  INFO 24856 --- [http-nio-8887-exec-1] o.a.c.c.C.[Tomcat].[localhost].[/]       : Initializing Spring DispatcherServlet 'dispatcherServlet'
2020-03-27 22:46:25.428  INFO 24856 --- [http-nio-8887-exec-1] o.s.web.servlet.DispatcherServlet        : Initializing Servlet 'dispatcherServlet'
2020-03-27 22:46:25.436  INFO 24856 --- [http-nio-8887-exec-1] o.s.web.servlet.DispatcherServlet        : Completed initialization in 8 ms
2020-03-27 22:48:31.312  INFO 21452 --- [restartedMain] life.tr.community.CommunityApplication   : Starting CommunityApplication on DESKTOP-4LJ0JBA with PID 21452 (D:\BSxiangmu7\community\target\classes started by 89682 in D:\BSxiangmu7\community)
2020-03-27 22:48:31.316  INFO 21452 --- [restartedMain] life.tr.community.CommunityApplication   : No active profile set, falling back to default profiles: default
2020-03-27 22:48:31.448  INFO 21452 --- [restartedMain] .e.DevToolsPropertyDefaultsPostProcessor : Devtools property defaults active! Set 'spring.devtools.add-properties' to 'false' to disable
2020-03-27 22:48:31.449  INFO 21452 --- [restartedMain] .e.DevToolsPropertyDefaultsPostProcessor : For additional web related logging consider setting the 'logging.level.web' property to 'DEBUG'
2020-03-27 22:48:33.201  INFO 21452 --- [restartedMain] o.s.b.w.embedded.tomcat.TomcatWebServer  : Tomcat initialized with port(s): 8887 (http)
2020-03-27 22:48:33.212  INFO 21452 --- [restartedMain] o.apache.catalina.core.StandardService   : Starting service [Tomcat]
2020-03-27 22:48:33.212  INFO 21452 --- [restartedMain] org.apache.catalina.core.StandardEngine  : Starting Servlet engine: [Apache Tomcat/9.0.30]
2020-03-27 22:48:33.315  INFO 21452 --- [restartedMain] o.a.c.c.C.[Tomcat].[localhost].[/]       : Initializing Spring embedded WebApplicationContext
2020-03-27 22:48:33.315  INFO 21452 --- [restartedMain] o.s.web.context.ContextLoader            : Root WebApplicationContext: initialization completed in 1866 ms
2020-03-27 22:48:33.362  INFO 21452 --- [restartedMain] com.zaxxer.hikari.HikariDataSource       : HikariPool-1 - Starting...
2020-03-27 22:48:33.521  INFO 21452 --- [restartedMain] com.zaxxer.hikari.HikariDataSource       : HikariPool-1 - Start completed.
2020-03-27 22:48:33.527  INFO 21452 --- [restartedMain] o.s.b.a.h2.H2ConsoleAutoConfiguration    : H2 console available at '/h2-console'. Database available at 'jdbc:h2:~/community'
2020-03-27 22:48:34.044  INFO 21452 --- [restartedMain] o.s.s.concurrent.ThreadPoolTaskExecutor  : Initializing ExecutorService 'applicationTaskExecutor'
2020-03-27 22:48:34.106  INFO 21452 --- [restartedMain] o.s.b.a.w.s.WelcomePageHandlerMapping    : Adding welcome page template: index
2020-03-27 22:48:34.220  INFO 21452 --- [restartedMain] o.s.s.c.ThreadPoolTaskScheduler          : Initializing ExecutorService 'taskScheduler'
2020-03-27 22:48:34.329  INFO 21452 --- [restartedMain] o.s.b.d.a.OptionalLiveReloadServer       : LiveReload server is running on port 35729
2020-03-27 22:48:34.366  INFO 21452 --- [scheduling-1] life.tr.community.schedule.HotTagTasks   : hotTagSchedule start Fri Mar 27 22:48:34 CST 2020
2020-03-27 22:48:34.389  INFO 21452 --- [restartedMain] o.s.b.w.embedded.tomcat.TomcatWebServer  : Tomcat started on port(s): 8887 (http) with context path ''
2020-03-27 22:48:34.391  INFO 21452 --- [restartedMain] life.tr.community.CommunityApplication   : Started CommunityApplication in 3.726 seconds (JVM running for 5.043)
2020-03-27 22:48:34.426  INFO 21452 --- [scheduling-1] life.tr.community.schedule.HotTagTasks   : hotTagSchedule stop Fri Mar 27 22:48:34 CST 2020
2020-03-27 22:49:02.700  INFO 25908 --- [restartedMain] life.tr.community.CommunityApplication   : Starting CommunityApplication on DESKTOP-4LJ0JBA with PID 25908 (D:\BSxiangmu7\community\target\classes started by 89682 in D:\BSxiangmu7\community)
2020-03-27 22:49:02.704  INFO 25908 --- [restartedMain] life.tr.community.CommunityApplication   : No active profile set, falling back to default profiles: default
2020-03-27 22:49:02.802  INFO 25908 --- [restartedMain] .e.DevToolsPropertyDefaultsPostProcessor : Devtools property defaults active! Set 'spring.devtools.add-properties' to 'false' to disable
2020-03-27 22:49:02.803  INFO 25908 --- [restartedMain] .e.DevToolsPropertyDefaultsPostProcessor : For additional web related logging consider setting the 'logging.level.web' property to 'DEBUG'
2020-03-27 22:49:04.366  INFO 25908 --- [restartedMain] o.s.b.w.embedded.tomcat.TomcatWebServer  : Tomcat initialized with port(s): 8887 (http)
2020-03-27 22:49:04.397  INFO 25908 --- [restartedMain] o.apache.catalina.core.StandardService   : Starting service [Tomcat]
2020-03-27 22:49:04.401  INFO 25908 --- [restartedMain] org.apache.catalina.core.StandardEngine  : Starting Servlet engine: [Apache Tomcat/9.0.30]
2020-03-27 22:49:04.610  INFO 25908 --- [restartedMain] o.a.c.c.C.[Tomcat].[localhost].[/]       : Initializing Spring embedded WebApplicationContext
2020-03-27 22:49:04.611  INFO 25908 --- [restartedMain] o.s.web.context.ContextLoader            : Root WebApplicationContext: initialization completed in 1808 ms
2020-03-27 22:49:04.651  INFO 25908 --- [restartedMain] com.zaxxer.hikari.HikariDataSource       : HikariPool-1 - Starting...
2020-03-27 22:49:04.794  INFO 25908 --- [restartedMain] com.zaxxer.hikari.HikariDataSource       : HikariPool-1 - Start completed.
2020-03-27 22:49:04.798  INFO 25908 --- [restartedMain] o.s.b.a.h2.H2ConsoleAutoConfiguration    : H2 console available at '/h2-console'. Database available at 'jdbc:h2:~/community'
2020-03-27 22:49:05.335  INFO 25908 --- [restartedMain] o.s.s.concurrent.ThreadPoolTaskExecutor  : Initializing ExecutorService 'applicationTaskExecutor'
2020-03-27 22:49:05.393  INFO 25908 --- [restartedMain] o.s.b.a.w.s.WelcomePageHandlerMapping    : Adding welcome page template: index
2020-03-27 22:49:05.519  INFO 25908 --- [restartedMain] o.s.s.c.ThreadPoolTaskScheduler          : Initializing ExecutorService 'taskScheduler'
2020-03-27 22:49:05.597  INFO 25908 --- [restartedMain] o.s.b.d.a.OptionalLiveReloadServer       : LiveReload server is running on port 35729
2020-03-27 22:49:05.616  INFO 25908 --- [scheduling-1] life.tr.community.schedule.HotTagTasks   : hotTagSchedule start Fri Mar 27 22:49:05 CST 2020
2020-03-27 22:49:05.636  INFO 25908 --- [restartedMain] o.s.b.w.embedded.tomcat.TomcatWebServer  : Tomcat started on port(s): 8887 (http) with context path ''
2020-03-27 22:49:05.639  INFO 25908 --- [restartedMain] life.tr.community.CommunityApplication   : Started CommunityApplication in 3.431 seconds (JVM running for 5.116)
2020-03-27 22:49:05.675  INFO 25908 --- [scheduling-1] life.tr.community.schedule.HotTagTasks   : hotTagSchedule stop Fri Mar 27 22:49:05 CST 2020
2020-03-27 22:49:12.263  INFO 25908 --- [http-nio-8887-exec-1] o.a.c.c.C.[Tomcat].[localhost].[/]       : Initializing Spring DispatcherServlet 'dispatcherServlet'
2020-03-27 22:49:12.264  INFO 25908 --- [http-nio-8887-exec-1] o.s.web.servlet.DispatcherServlet        : Initializing Servlet 'dispatcherServlet'
2020-03-27 22:49:12.269  INFO 25908 --- [http-nio-8887-exec-1] o.s.web.servlet.DispatcherServlet        : Completed initialization in 5 ms
2020-03-27 22:53:57.555  INFO 5960 --- [restartedMain] life.tr.community.CommunityApplication   : Starting CommunityApplication on DESKTOP-4LJ0JBA with PID 5960 (D:\BSxiangmu7\community\target\classes started by 89682 in D:\BSxiangmu7\community)
2020-03-27 22:53:57.563  INFO 5960 --- [restartedMain] life.tr.community.CommunityApplication   : No active profile set, falling back to default profiles: default
2020-03-27 22:53:57.694  INFO 5960 --- [restartedMain] .e.DevToolsPropertyDefaultsPostProcessor : Devtools property defaults active! Set 'spring.devtools.add-properties' to 'false' to disable
2020-03-27 22:53:57.695  INFO 5960 --- [restartedMain] .e.DevToolsPropertyDefaultsPostProcessor : For additional web related logging consider setting the 'logging.level.web' property to 'DEBUG'
2020-03-27 22:53:59.209  INFO 5960 --- [restartedMain] o.s.b.w.embedded.tomcat.TomcatWebServer  : Tomcat initialized with port(s): 8887 (http)
2020-03-27 22:53:59.220  INFO 5960 --- [restartedMain] o.apache.catalina.core.StandardService   : Starting service [Tomcat]
2020-03-27 22:53:59.221  INFO 5960 --- [restartedMain] org.apache.catalina.core.StandardEngine  : Starting Servlet engine: [Apache Tomcat/9.0.30]
2020-03-27 22:53:59.336  INFO 5960 --- [restartedMain] o.a.c.c.C.[Tomcat].[localhost].[/]       : Initializing Spring embedded WebApplicationContext
2020-03-27 22:53:59.336  INFO 5960 --- [restartedMain] o.s.web.context.ContextLoader            : Root WebApplicationContext: initialization completed in 1641 ms
2020-03-27 22:53:59.372  INFO 5960 --- [restartedMain] com.zaxxer.hikari.HikariDataSource       : HikariPool-1 - Starting...
2020-03-27 22:53:59.510  INFO 5960 --- [restartedMain] com.zaxxer.hikari.HikariDataSource       : HikariPool-1 - Start completed.
2020-03-27 22:53:59.515  INFO 5960 --- [restartedMain] o.s.b.a.h2.H2ConsoleAutoConfiguration    : H2 console available at '/h2-console'. Database available at 'jdbc:h2:~/community'
2020-03-27 22:54:00.172  INFO 5960 --- [restartedMain] o.s.s.concurrent.ThreadPoolTaskExecutor  : Initializing ExecutorService 'applicationTaskExecutor'
2020-03-27 22:54:00.276  INFO 5960 --- [restartedMain] o.s.b.a.w.s.WelcomePageHandlerMapping    : Adding welcome page template: index
2020-03-27 22:54:00.613  INFO 5960 --- [restartedMain] o.s.s.c.ThreadPoolTaskScheduler          : Initializing ExecutorService 'taskScheduler'
2020-03-27 22:54:00.799  INFO 5960 --- [restartedMain] o.s.b.d.a.OptionalLiveReloadServer       : LiveReload server is running on port 35729
2020-03-27 22:54:00.836  INFO 5960 --- [scheduling-1] life.tr.community.schedule.HotTagTasks   : hotTagSchedule start Fri Mar 27 22:54:00 CST 2020
2020-03-27 22:54:00.876  INFO 5960 --- [restartedMain] o.s.b.w.embedded.tomcat.TomcatWebServer  : Tomcat started on port(s): 8887 (http) with context path ''
2020-03-27 22:54:00.880  INFO 5960 --- [restartedMain] life.tr.community.CommunityApplication   : Started CommunityApplication in 3.833 seconds (JVM running for 5.07)
2020-03-27 22:54:00.917  INFO 5960 --- [scheduling-1] life.tr.community.schedule.HotTagTasks   : hotTagSchedule stop Fri Mar 27 22:54:00 CST 2020
2020-03-27 22:54:07.641  INFO 5960 --- [http-nio-8887-exec-1] o.a.c.c.C.[Tomcat].[localhost].[/]       : Initializing Spring DispatcherServlet 'dispatcherServlet'
2020-03-27 22:54:07.641  INFO 5960 --- [http-nio-8887-exec-1] o.s.web.servlet.DispatcherServlet        : Initializing Servlet 'dispatcherServlet'
2020-03-27 22:54:07.648  INFO 5960 --- [http-nio-8887-exec-1] o.s.web.servlet.DispatcherServlet        : Completed initialization in 6 ms
2020-03-27 22:54:32.771 ERROR 5960 --- [http-nio-8887-exec-5] l.t.c.controller.AuthorizeController     : callback get github error,null
2020-03-27 22:54:44.494 ERROR 5960 --- [http-nio-8887-exec-9] l.t.c.controller.AuthorizeController     : callback get github error,null
2020-03-27 22:55:17.550  INFO 12940 --- [restartedMain] life.tr.community.CommunityApplication   : Starting CommunityApplication on DESKTOP-4LJ0JBA with PID 12940 (D:\BSxiangmu7\community\target\classes started by 89682 in D:\BSxiangmu7\community)
2020-03-27 22:55:17.554  INFO 12940 --- [restartedMain] life.tr.community.CommunityApplication   : No active profile set, falling back to default profiles: default
2020-03-27 22:55:17.637  INFO 12940 --- [restartedMain] .e.DevToolsPropertyDefaultsPostProcessor : Devtools property defaults active! Set 'spring.devtools.add-properties' to 'false' to disable
2020-03-27 22:55:17.637  INFO 12940 --- [restartedMain] .e.DevToolsPropertyDefaultsPostProcessor : For additional web related logging consider setting the 'logging.level.web' property to 'DEBUG'
2020-03-27 22:55:18.914  INFO 12940 --- [restartedMain] o.s.b.w.embedded.tomcat.TomcatWebServer  : Tomcat initialized with port(s): 8887 (http)
2020-03-27 22:55:18.926  INFO 12940 --- [restartedMain] o.apache.catalina.core.StandardService   : Starting service [Tomcat]
2020-03-27 22:55:18.926  INFO 12940 --- [restartedMain] org.apache.catalina.core.StandardEngine  : Starting Servlet engine: [Apache Tomcat/9.0.30]
2020-03-27 22:55:19.023  INFO 12940 --- [restartedMain] o.a.c.c.C.[Tomcat].[localhost].[/]       : Initializing Spring embedded WebApplicationContext
2020-03-27 22:55:19.023  INFO 12940 --- [restartedMain] o.s.web.context.ContextLoader            : Root WebApplicationContext: initialization completed in 1385 ms
2020-03-27 22:55:19.066  INFO 12940 --- [restartedMain] com.zaxxer.hikari.HikariDataSource       : HikariPool-1 - Starting...
2020-03-27 22:55:19.208  INFO 12940 --- [restartedMain] com.zaxxer.hikari.HikariDataSource       : HikariPool-1 - Start completed.
2020-03-27 22:55:19.214  INFO 12940 --- [restartedMain] o.s.b.a.h2.H2ConsoleAutoConfiguration    : H2 console available at '/h2-console'. Database available at 'jdbc:h2:~/community'
2020-03-27 22:55:19.736  INFO 12940 --- [restartedMain] o.s.s.concurrent.ThreadPoolTaskExecutor  : Initializing ExecutorService 'applicationTaskExecutor'
2020-03-27 22:55:19.801  INFO 12940 --- [restartedMain] o.s.b.a.w.s.WelcomePageHandlerMapping    : Adding welcome page template: index
2020-03-27 22:55:19.963  INFO 12940 --- [restartedMain] o.s.s.c.ThreadPoolTaskScheduler          : Initializing ExecutorService 'taskScheduler'
2020-03-27 22:55:20.043  INFO 12940 --- [restartedMain] o.s.b.d.a.OptionalLiveReloadServer       : LiveReload server is running on port 35729
2020-03-27 22:55:20.067  INFO 12940 --- [scheduling-1] life.tr.community.schedule.HotTagTasks   : hotTagSchedule start Fri Mar 27 22:55:20 CST 2020
2020-03-27 22:55:20.097  INFO 12940 --- [restartedMain] o.s.b.w.embedded.tomcat.TomcatWebServer  : Tomcat started on port(s): 8887 (http) with context path ''
2020-03-27 22:55:20.101  INFO 12940 --- [restartedMain] life.tr.community.CommunityApplication   : Started CommunityApplication in 3.001 seconds (JVM running for 4.318)
2020-03-27 22:55:20.131  INFO 12940 --- [scheduling-1] life.tr.community.schedule.HotTagTasks   : hotTagSchedule stop Fri Mar 27 22:55:20 CST 2020
2020-03-27 22:55:34.087  INFO 12940 --- [http-nio-8887-exec-1] o.a.c.c.C.[Tomcat].[localhost].[/]       : Initializing Spring DispatcherServlet 'dispatcherServlet'
2020-03-27 22:55:34.087  INFO 12940 --- [http-nio-8887-exec-1] o.s.web.servlet.DispatcherServlet        : Initializing Servlet 'dispatcherServlet'
2020-03-27 22:55:34.095  INFO 12940 --- [http-nio-8887-exec-1] o.s.web.servlet.DispatcherServlet        : Completed initialization in 8 ms
2020-03-27 22:55:45.285 ERROR 12940 --- [http-nio-8887-exec-2] l.t.c.controller.AuthorizeController     : callback get github error,null
2020-03-27 22:56:28.845 ERROR 12940 --- [http-nio-8887-exec-8] l.t.c.controller.AuthorizeController     : callback get github error,null
2020-03-27 22:57:43.963  INFO 1288 --- [restartedMain] life.tr.community.CommunityApplication   : Starting CommunityApplication on DESKTOP-4LJ0JBA with PID 1288 (D:\BSxiangmu7\community\target\classes started by 89682 in D:\BSxiangmu7\community)
2020-03-27 22:57:43.968  INFO 1288 --- [restartedMain] life.tr.community.CommunityApplication   : No active profile set, falling back to default profiles: default
2020-03-27 22:57:44.037  INFO 1288 --- [restartedMain] .e.DevToolsPropertyDefaultsPostProcessor : Devtools property defaults active! Set 'spring.devtools.add-properties' to 'false' to disable
2020-03-27 22:57:44.037  INFO 1288 --- [restartedMain] .e.DevToolsPropertyDefaultsPostProcessor : For additional web related logging consider setting the 'logging.level.web' property to 'DEBUG'
2020-03-27 22:57:45.213  INFO 1288 --- [restartedMain] o.s.b.w.embedded.tomcat.TomcatWebServer  : Tomcat initialized with port(s): 8887 (http)
2020-03-27 22:57:45.223  INFO 1288 --- [restartedMain] o.apache.catalina.core.StandardService   : Starting service [Tomcat]
2020-03-27 22:57:45.223  INFO 1288 --- [restartedMain] org.apache.catalina.core.StandardEngine  : Starting Servlet engine: [Apache Tomcat/9.0.30]
2020-03-27 22:57:45.308  INFO 1288 --- [restartedMain] o.a.c.c.C.[Tomcat].[localhost].[/]       : Initializing Spring embedded WebApplicationContext
2020-03-27 22:57:45.309  INFO 1288 --- [restartedMain] o.s.web.context.ContextLoader            : Root WebApplicationContext: initialization completed in 1271 ms
2020-03-27 22:57:45.340  INFO 1288 --- [restartedMain] com.zaxxer.hikari.HikariDataSource       : HikariPool-1 - Starting...
2020-03-27 22:57:45.444  INFO 1288 --- [restartedMain] com.zaxxer.hikari.HikariDataSource       : HikariPool-1 - Start completed.
2020-03-27 22:57:45.451  INFO 1288 --- [restartedMain] o.s.b.a.h2.H2ConsoleAutoConfiguration    : H2 console available at '/h2-console'. Database available at 'jdbc:h2:~/community'
2020-03-27 22:57:45.929  INFO 1288 --- [restartedMain] o.s.s.concurrent.ThreadPoolTaskExecutor  : Initializing ExecutorService 'applicationTaskExecutor'
2020-03-27 22:57:45.976  INFO 1288 --- [restartedMain] o.s.b.a.w.s.WelcomePageHandlerMapping    : Adding welcome page template: index
2020-03-27 22:57:46.078  INFO 1288 --- [restartedMain] o.s.s.c.ThreadPoolTaskScheduler          : Initializing ExecutorService 'taskScheduler'
2020-03-27 22:57:46.144  INFO 1288 --- [restartedMain] o.s.b.d.a.OptionalLiveReloadServer       : LiveReload server is running on port 35729
2020-03-27 22:57:46.164  INFO 1288 --- [scheduling-1] life.tr.community.schedule.HotTagTasks   : hotTagSchedule start Fri Mar 27 22:57:46 CST 2020
2020-03-27 22:57:46.185  INFO 1288 --- [restartedMain] o.s.b.w.embedded.tomcat.TomcatWebServer  : Tomcat started on port(s): 8887 (http) with context path ''
2020-03-27 22:57:46.187  INFO 1288 --- [restartedMain] life.tr.community.CommunityApplication   : Started CommunityApplication in 2.704 seconds (JVM running for 3.836)
2020-03-27 22:57:46.212  INFO 1288 --- [scheduling-1] life.tr.community.schedule.HotTagTasks   : hotTagSchedule stop Fri Mar 27 22:57:46 CST 2020
2020-03-27 22:57:55.696  INFO 1288 --- [http-nio-8887-exec-1] o.a.c.c.C.[Tomcat].[localhost].[/]       : Initializing Spring DispatcherServlet 'dispatcherServlet'
2020-03-27 22:57:55.696  INFO 1288 --- [http-nio-8887-exec-1] o.s.web.servlet.DispatcherServlet        : Initializing Servlet 'dispatcherServlet'
2020-03-27 22:57:55.701  INFO 1288 --- [http-nio-8887-exec-1] o.s.web.servlet.DispatcherServlet        : Completed initialization in 4 ms
2020-03-27 22:58:07.439 ERROR 1288 --- [http-nio-8887-exec-9] l.t.c.controller.AuthorizeController     : callback get github error,null
2020-03-27 23:01:02.974  INFO 27296 --- [restartedMain] life.tr.community.CommunityApplication   : Starting CommunityApplication on DESKTOP-4LJ0JBA with PID 27296 (D:\BSxiangmu7\community\target\classes started by 89682 in D:\BSxiangmu7\community)
2020-03-27 23:01:02.978  INFO 27296 --- [restartedMain] life.tr.community.CommunityApplication   : No active profile set, falling back to default profiles: default
2020-03-27 23:01:03.083  INFO 27296 --- [restartedMain] .e.DevToolsPropertyDefaultsPostProcessor : Devtools property defaults active! Set 'spring.devtools.add-properties' to 'false' to disable
2020-03-27 23:01:03.084  INFO 27296 --- [restartedMain] .e.DevToolsPropertyDefaultsPostProcessor : For additional web related logging consider setting the 'logging.level.web' property to 'DEBUG'
2020-03-27 23:01:04.714  INFO 27296 --- [restartedMain] o.s.b.w.embedded.tomcat.TomcatWebServer  : Tomcat initialized with port(s): 8887 (http)
2020-03-27 23:01:04.723  INFO 27296 --- [restartedMain] o.apache.catalina.core.StandardService   : Starting service [Tomcat]
2020-03-27 23:01:04.724  INFO 27296 --- [restartedMain] org.apache.catalina.core.StandardEngine  : Starting Servlet engine: [Apache Tomcat/9.0.30]
2020-03-27 23:01:04.829  INFO 27296 --- [restartedMain] o.a.c.c.C.[Tomcat].[localhost].[/]       : Initializing Spring embedded WebApplicationContext
2020-03-27 23:01:04.830  INFO 27296 --- [restartedMain] o.s.web.context.ContextLoader            : Root WebApplicationContext: initialization completed in 1745 ms
2020-03-27 23:01:04.869  INFO 27296 --- [restartedMain] com.zaxxer.hikari.HikariDataSource       : HikariPool-1 - Starting...
2020-03-27 23:01:04.999  INFO 27296 --- [restartedMain] com.zaxxer.hikari.HikariDataSource       : HikariPool-1 - Start completed.
2020-03-27 23:01:05.005  INFO 27296 --- [restartedMain] o.s.b.a.h2.H2ConsoleAutoConfiguration    : H2 console available at '/h2-console'. Database available at 'jdbc:h2:~/community'
2020-03-27 23:01:05.702  INFO 27296 --- [restartedMain] o.s.s.concurrent.ThreadPoolTaskExecutor  : Initializing ExecutorService 'applicationTaskExecutor'
2020-03-27 23:01:05.804  INFO 27296 --- [restartedMain] o.s.b.a.w.s.WelcomePageHandlerMapping    : Adding welcome page template: index
2020-03-27 23:01:06.063  INFO 27296 --- [restartedMain] o.s.s.c.ThreadPoolTaskScheduler          : Initializing ExecutorService 'taskScheduler'
2020-03-27 23:01:06.172  INFO 27296 --- [restartedMain] o.s.b.d.a.OptionalLiveReloadServer       : LiveReload server is running on port 35729
2020-03-27 23:01:06.204  INFO 27296 --- [scheduling-1] life.tr.community.schedule.HotTagTasks   : hotTagSchedule start Fri Mar 27 23:01:06 CST 2020
2020-03-27 23:01:06.247  INFO 27296 --- [restartedMain] o.s.b.w.embedded.tomcat.TomcatWebServer  : Tomcat started on port(s): 8887 (http) with context path ''
2020-03-27 23:01:06.252  INFO 27296 --- [restartedMain] life.tr.community.CommunityApplication   : Started CommunityApplication in 3.794 seconds (JVM running for 4.991)
2020-03-27 23:01:06.299  INFO 27296 --- [scheduling-1] life.tr.community.schedule.HotTagTasks   : hotTagSchedule stop Fri Mar 27 23:01:06 CST 2020
2020-03-27 23:01:13.998  INFO 27296 --- [http-nio-8887-exec-1] o.a.c.c.C.[Tomcat].[localhost].[/]       : Initializing Spring DispatcherServlet 'dispatcherServlet'
2020-03-27 23:01:13.998  INFO 27296 --- [http-nio-8887-exec-1] o.s.web.servlet.DispatcherServlet        : Initializing Servlet 'dispatcherServlet'
2020-03-27 23:01:14.004  INFO 27296 --- [http-nio-8887-exec-1] o.s.web.servlet.DispatcherServlet        : Completed initialization in 6 ms
2020-03-27 23:01:35.333 ERROR 27296 --- [http-nio-8887-exec-7] l.t.c.controller.AuthorizeController     : callback get github error,null
2020-03-27 23:09:48.716  INFO 21444 --- [restartedMain] life.tr.community.CommunityApplication   : Starting CommunityApplication on DESKTOP-4LJ0JBA with PID 21444 (D:\BSxiangmu7\community\target\classes started by 89682 in D:\BSxiangmu7\community)
2020-03-27 23:09:48.720  INFO 21444 --- [restartedMain] life.tr.community.CommunityApplication   : No active profile set, falling back to default profiles: default
2020-03-27 23:09:48.840  INFO 21444 --- [restartedMain] .e.DevToolsPropertyDefaultsPostProcessor : Devtools property defaults active! Set 'spring.devtools.add-properties' to 'false' to disable
2020-03-27 23:09:48.841  INFO 21444 --- [restartedMain] .e.DevToolsPropertyDefaultsPostProcessor : For additional web related logging consider setting the 'logging.level.web' property to 'DEBUG'
2020-03-27 23:09:50.919  INFO 21444 --- [restartedMain] o.s.b.w.embedded.tomcat.TomcatWebServer  : Tomcat initialized with port(s): 8887 (http)
2020-03-27 23:09:50.930  INFO 21444 --- [restartedMain] o.apache.catalina.core.StandardService   : Starting service [Tomcat]
2020-03-27 23:09:50.931  INFO 21444 --- [restartedMain] org.apache.catalina.core.StandardEngine  : Starting Servlet engine: [Apache Tomcat/9.0.30]
2020-03-27 23:09:51.069  INFO 21444 --- [restartedMain] o.a.c.c.C.[Tomcat].[localhost].[/]       : Initializing Spring embedded WebApplicationContext
2020-03-27 23:09:51.070  INFO 21444 --- [restartedMain] o.s.web.context.ContextLoader            : Root WebApplicationContext: initialization completed in 2228 ms
2020-03-27 23:09:51.117  INFO 21444 --- [restartedMain] com.zaxxer.hikari.HikariDataSource       : HikariPool-1 - Starting...
2020-03-27 23:09:51.293  INFO 21444 --- [restartedMain] com.zaxxer.hikari.HikariDataSource       : HikariPool-1 - Start completed.
2020-03-27 23:09:51.299  INFO 21444 --- [restartedMain] o.s.b.a.h2.H2ConsoleAutoConfiguration    : H2 console available at '/h2-console'. Database available at 'jdbc:h2:~/community'
2020-03-27 23:09:51.871  INFO 21444 --- [restartedMain] o.s.s.concurrent.ThreadPoolTaskExecutor  : Initializing ExecutorService 'applicationTaskExecutor'
2020-03-27 23:09:51.930  INFO 21444 --- [restartedMain] o.s.b.a.w.s.WelcomePageHandlerMapping    : Adding welcome page template: index
2020-03-27 23:09:52.076  INFO 21444 --- [restartedMain] o.s.s.c.ThreadPoolTaskScheduler          : Initializing ExecutorService 'taskScheduler'
2020-03-27 23:09:52.177  INFO 21444 --- [restartedMain] o.s.b.d.a.OptionalLiveReloadServer       : LiveReload server is running on port 35729
2020-03-27 23:09:52.209  INFO 21444 --- [scheduling-1] life.tr.community.schedule.HotTagTasks   : hotTagSchedule start Fri Mar 27 23:09:52 CST 2020
2020-03-27 23:09:52.256  INFO 21444 --- [restartedMain] o.s.b.w.embedded.tomcat.TomcatWebServer  : Tomcat started on port(s): 8887 (http) with context path ''
2020-03-27 23:09:52.260  INFO 21444 --- [restartedMain] life.tr.community.CommunityApplication   : Started CommunityApplication in 4.28 seconds (JVM running for 6.143)
2020-03-27 23:09:52.301  INFO 21444 --- [scheduling-1] life.tr.community.schedule.HotTagTasks   : hotTagSchedule stop Fri Mar 27 23:09:52 CST 2020
2020-03-27 23:09:57.808  INFO 21444 --- [http-nio-8887-exec-1] o.a.c.c.C.[Tomcat].[localhost].[/]       : Initializing Spring DispatcherServlet 'dispatcherServlet'
2020-03-27 23:09:57.809  INFO 21444 --- [http-nio-8887-exec-1] o.s.web.servlet.DispatcherServlet        : Initializing Servlet 'dispatcherServlet'
2020-03-27 23:09:57.824  INFO 21444 --- [http-nio-8887-exec-1] o.s.web.servlet.DispatcherServlet        : Completed initialization in 15 ms
